<?xml version="1.0" encoding="UTF-8"?>
<testng-results ignored="0" total="6" passed="5" failed="0" skipped="1">
  <reporter-output>
    <line>
      <![CDATA[<br>Verification failure :expected [abc] but found [xyz]<br>]]>
    </line>
    <line>
      <![CDATA[<a target="_blank" href=Fri_Aug_02_15_03_21_IST_2019.jpg> <img src=Fri_Aug_02_15_03_21_IST_2019.jpg height=200 width=200></img></a>]]>
    </line>
    <line>
      <![CDATA[<br>]]>
    </line>
    <line>
      <![CDATA[<br>]]>
    </line>
    <line>
      <![CDATA[Login successfully executed]]>
    </line>
  </reporter-output>
  <suite started-at="2019-08-02T09:33:20Z" name="Data Driven Basics" finished-at="2019-08-02T09:33:46Z" duration-ms="25268">
    <groups>
    </groups>
    <test started-at="2019-08-02T09:33:20Z" name="Bank Manager Login Test" finished-at="2019-08-02T09:33:25Z" duration-ms="4687">
      <class name="com.w2a.testcase.BankManagerLoginTest">
        <test-method signature="bankManagerLoginTest()[pri:0, instance:com.w2a.testcase.BankManagerLoginTest@6e521c1e]" started-at="2019-08-02T09:33:20Z" name="bankManagerLoginTest" finished-at="2019-08-02T09:33:24Z" duration-ms="4033" status="PASS">
          <reporter-output>
            <line>
              <![CDATA[<br>Verification failure :expected [abc] but found [xyz]<br>]]>
            </line>
            <line>
              <![CDATA[<a target="_blank" href=Fri_Aug_02_15_03_21_IST_2019.jpg> <img src=Fri_Aug_02_15_03_21_IST_2019.jpg height=200 width=200></img></a>]]>
            </line>
            <line>
              <![CDATA[<br>]]>
            </line>
            <line>
              <![CDATA[<br>]]>
            </line>
            <line>
              <![CDATA[Login successfully executed]]>
            </line>
          </reporter-output>
        </test-method> <!-- bankManagerLoginTest -->
      </class> <!-- com.w2a.testcase.BankManagerLoginTest -->
    </test> <!-- Bank Manager Login Test -->
    <test started-at="2019-08-02T09:33:25Z" name="Add Customer Test" finished-at="2019-08-02T09:33:46Z" duration-ms="20416">
      <class name="com.w2a.testcase.AddCustomerTest">
        <test-method signature="addCustomerTest(java.util.Hashtable)[pri:0, instance:com.w2a.testcase.AddCustomerTest@314b8f2d]" started-at="2019-08-02T09:33:25Z" name="addCustomerTest" data-provider="dp" finished-at="2019-08-02T09:33:30Z" duration-ms="5257" status="PASS">
          <params>
            <param index="0">
              <value>
                <![CDATA[{alerttext=Customer added successfully, postcode=580030.0, lastname=FR, runmode=Y, firstname=Swag}]]>
              </value>
            </param>
          </params>
          <reporter-output>
          </reporter-output>
        </test-method> <!-- addCustomerTest -->
        <test-method signature="addCustomerTest(java.util.Hashtable)[pri:0, instance:com.w2a.testcase.AddCustomerTest@314b8f2d]" started-at="2019-08-02T09:33:31Z" name="addCustomerTest" data-provider="dp" finished-at="2019-08-02T09:33:36Z" duration-ms="4941" status="PASS">
          <params>
            <param index="0">
              <value>
                <![CDATA[{alerttext=Customer added successfully, postcode=eqwerqwe, lastname=Arora, runmode=Y, firstname=Raman}]]>
              </value>
            </param>
          </params>
          <reporter-output>
          </reporter-output>
        </test-method> <!-- addCustomerTest -->
        <test-method signature="addCustomerTest(java.util.Hashtable)[pri:0, instance:com.w2a.testcase.AddCustomerTest@314b8f2d]" started-at="2019-08-02T09:33:36Z" name="addCustomerTest" data-provider="dp" finished-at="2019-08-02T09:33:41Z" duration-ms="4919" status="PASS">
          <params>
            <param index="0">
              <value>
                <![CDATA[{alerttext=Customer added successfully, postcode=werf234, lastname=Arora, runmode=Y, firstname=Rahul }]]>
              </value>
            </param>
          </params>
          <reporter-output>
          </reporter-output>
        </test-method> <!-- addCustomerTest -->
        <test-method signature="addCustomerTest(java.util.Hashtable)[pri:0, instance:com.w2a.testcase.AddCustomerTest@314b8f2d]" started-at="2019-08-02T09:33:41Z" name="addCustomerTest" data-provider="dp" finished-at="2019-08-02T09:33:46Z" duration-ms="4827" status="PASS">
          <params>
            <param index="0">
              <value>
                <![CDATA[{alerttext=Customer added successfully, postcode=wewerw, lastname=shegal, runmode=Y, firstname=Rohit}]]>
              </value>
            </param>
          </params>
          <reporter-output>
          </reporter-output>
        </test-method> <!-- addCustomerTest -->
      </class> <!-- com.w2a.testcase.AddCustomerTest -->
    </test> <!-- Add Customer Test -->
    <test started-at="2019-08-02T09:33:46Z" name="Open Account Test" finished-at="2019-08-02T09:33:46Z" duration-ms="94">
      <class name="com.w2a.testcase.OpenAccountTest">
        <test-method is-config="true" signature="setUp()[pri:0, instance:com.w2a.testcase.OpenAccountTest@72f46e16]" started-at="2019-08-02T09:33:12Z" name="setUp" finished-at="2019-08-02T09:33:20Z" duration-ms="8457" status="PASS">
          <reporter-output>
          </reporter-output>
        </test-method> <!-- setUp -->
        <test-method signature="openAccountTest(java.util.Hashtable)[pri:0, instance:com.w2a.testcase.OpenAccountTest@72f46e16]" started-at="2019-08-02T09:33:46Z" name="openAccountTest" data-provider="dp" finished-at="2019-08-02T09:33:46Z" duration-ms="0" status="SKIP">
          <params>
            <param index="0">
              <value>
                <![CDATA[{currency=Rupee, runmode=Y, customer=ashok kumar}]]>
              </value>
            </param>
          </params>
          <exception class="org.testng.SkipException">
            <message>
              <![CDATA[Skipping the test  OPENACCOUNTTEST as the Run mode is NO]]>
            </message>
            <full-stacktrace>
              <![CDATA[org.testng.SkipException: Skipping the test  OPENACCOUNTTEST as the Run mode is NO
at com.w2a.testcase.OpenAccountTest.openAccountTest(OpenAccountTest.java:25)
at java.base/jdk.internal.reflect.NativeMethodAccessorImpl.invoke0(Native Method)
at java.base/jdk.internal.reflect.NativeMethodAccessorImpl.invoke(NativeMethodAccessorImpl.java:62)
at java.base/jdk.internal.reflect.DelegatingMethodAccessorImpl.invoke(DelegatingMethodAccessorImpl.java:43)
at java.base/java.lang.reflect.Method.invoke(Method.java:564)
at org.testng.internal.MethodInvocationHelper.invokeMethod(MethodInvocationHelper.java:124)
at org.testng.internal.Invoker.invokeMethod(Invoker.java:583)
at org.testng.internal.Invoker.invokeTestMethod(Invoker.java:719)
at org.testng.internal.Invoker.invokeTestMethods(Invoker.java:989)
at org.testng.internal.TestMethodWorker.invokeTestMethods(TestMethodWorker.java:125)
at org.testng.internal.TestMethodWorker.run(TestMethodWorker.java:109)
at org.testng.TestRunner.privateRun(TestRunner.java:648)
at org.testng.TestRunner.run(TestRunner.java:505)
at org.testng.SuiteRunner.runTest(SuiteRunner.java:455)
at org.testng.SuiteRunner.runSequentially(SuiteRunner.java:450)
at org.testng.SuiteRunner.privateRun(SuiteRunner.java:415)
at org.testng.SuiteRunner.run(SuiteRunner.java:364)
at org.testng.SuiteRunnerWorker.runSuite(SuiteRunnerWorker.java:52)
at org.testng.SuiteRunnerWorker.run(SuiteRunnerWorker.java:84)
at org.testng.TestNG.runSuitesSequentially(TestNG.java:1208)
at org.testng.TestNG.runSuitesLocally(TestNG.java:1137)
at org.testng.TestNG.runSuites(TestNG.java:1049)
at org.testng.TestNG.run(TestNG.java:1017)
at org.testng.remote.AbstractRemoteTestNG.run(AbstractRemoteTestNG.java:114)
at org.testng.remote.RemoteTestNG.initAndRun(RemoteTestNG.java:251)
at org.testng.remote.RemoteTestNG.main(RemoteTestNG.java:77)
]]>
            </full-stacktrace>
          </exception> <!-- org.testng.SkipException -->
          <reporter-output>
          </reporter-output>
        </test-method> <!-- openAccountTest -->
        <test-method is-config="true" signature="tearDown()[pri:0, instance:com.w2a.testcase.OpenAccountTest@72f46e16]" started-at="2019-08-02T09:33:46Z" name="tearDown" finished-at="2019-08-02T09:33:47Z" duration-ms="825" status="PASS">
          <reporter-output>
          </reporter-output>
        </test-method> <!-- tearDown -->
      </class> <!-- com.w2a.testcase.OpenAccountTest -->
    </test> <!-- Open Account Test -->
  </suite> <!-- Data Driven Basics -->
</testng-results>
