<?xml version="1.0" encoding="UTF-8"?>
<testng-results ignored="0" total="6" passed="5" failed="0" skipped="1">
  <reporter-output>
    <line>
      <![CDATA[<br>Verification failure :expected:<[xyz]> but was:<[abc]><br>]]>
    </line>
    <line>
      <![CDATA[<a target="_blank" href=Thu_Aug_01_14_36_59_IST_2019.jpg> <img src=Thu_Aug_01_14_36_59_IST_2019.jpg height=200 width=200></img></a>]]>
    </line>
    <line>
      <![CDATA[<br>]]>
    </line>
    <line>
      <![CDATA[<br>]]>
    </line>
    <line>
      <![CDATA[Login successfully executed]]>
    </line>
  </reporter-output>
  <suite started-at="2019-08-01T09:06:59Z" name="Data Driven Basics" finished-at="2019-08-01T09:07:24Z" duration-ms="25115">
    <groups>
    </groups>
    <test started-at="2019-08-01T09:06:59Z" name="Bank Manager Login Test" finished-at="2019-08-01T09:07:03Z" duration-ms="4355">
      <class name="com.w2a.testcase.BankManagerLoginTest">
        <test-method signature="bankManagerLoginTest()[pri:0, instance:com.w2a.testcase.BankManagerLoginTest@f415a95]" started-at="2019-08-01T09:06:59Z" name="bankManagerLoginTest" finished-at="2019-08-01T09:07:03Z" duration-ms="3762" status="PASS">
          <reporter-output>
            <line>
              <![CDATA[<br>Verification failure :expected:<[xyz]> but was:<[abc]><br>]]>
            </line>
            <line>
              <![CDATA[<a target="_blank" href=Thu_Aug_01_14_36_59_IST_2019.jpg> <img src=Thu_Aug_01_14_36_59_IST_2019.jpg height=200 width=200></img></a>]]>
            </line>
            <line>
              <![CDATA[<br>]]>
            </line>
            <line>
              <![CDATA[<br>]]>
            </line>
            <line>
              <![CDATA[Login successfully executed]]>
            </line>
          </reporter-output>
        </test-method> <!-- bankManagerLoginTest -->
      </class> <!-- com.w2a.testcase.BankManagerLoginTest -->
    </test> <!-- Bank Manager Login Test -->
    <test started-at="2019-08-01T09:07:03Z" name="Add Customer Test" finished-at="2019-08-01T09:07:24Z" duration-ms="20650">
      <class name="com.w2a.testcase.AddCustomerTest">
        <test-method signature="addCustomerTest(java.lang.String, java.lang.String, java.lang.String, java.lang.String)[pri:0, instance:com.w2a.testcase.AddCustomerTest@1a69561c]" started-at="2019-08-01T09:07:03Z" name="addCustomerTest" data-provider="dp" finished-at="2019-08-01T09:07:09Z" duration-ms="5505" status="PASS">
          <params>
            <param index="0">
              <value>
                <![CDATA[Swag]]>
              </value>
            </param>
            <param index="1">
              <value>
                <![CDATA[FR]]>
              </value>
            </param>
            <param index="2">
              <value>
                <![CDATA[580030.0]]>
              </value>
            </param>
            <param index="3">
              <value>
                <![CDATA[Customer added successfully]]>
              </value>
            </param>
          </params>
          <reporter-output>
          </reporter-output>
        </test-method> <!-- addCustomerTest -->
        <test-method signature="addCustomerTest(java.lang.String, java.lang.String, java.lang.String, java.lang.String)[pri:0, instance:com.w2a.testcase.AddCustomerTest@1a69561c]" started-at="2019-08-01T09:07:09Z" name="addCustomerTest" data-provider="dp" finished-at="2019-08-01T09:07:14Z" duration-ms="5050" status="PASS">
          <params>
            <param index="0">
              <value>
                <![CDATA[Raman]]>
              </value>
            </param>
            <param index="1">
              <value>
                <![CDATA[Arora]]>
              </value>
            </param>
            <param index="2">
              <value>
                <![CDATA[eqwerqwe]]>
              </value>
            </param>
            <param index="3">
              <value>
                <![CDATA[Customer added successfully]]>
              </value>
            </param>
          </params>
          <reporter-output>
          </reporter-output>
        </test-method> <!-- addCustomerTest -->
        <test-method signature="addCustomerTest(java.lang.String, java.lang.String, java.lang.String, java.lang.String)[pri:0, instance:com.w2a.testcase.AddCustomerTest@1a69561c]" started-at="2019-08-01T09:07:14Z" name="addCustomerTest" data-provider="dp" finished-at="2019-08-01T09:07:19Z" duration-ms="4842" status="PASS">
          <params>
            <param index="0">
              <value>
                <![CDATA[Rahul ]]>
              </value>
            </param>
            <param index="1">
              <value>
                <![CDATA[Arora]]>
              </value>
            </param>
            <param index="2">
              <value>
                <![CDATA[werf234]]>
              </value>
            </param>
            <param index="3">
              <value>
                <![CDATA[Customer added successfully]]>
              </value>
            </param>
          </params>
          <reporter-output>
          </reporter-output>
        </test-method> <!-- addCustomerTest -->
        <test-method signature="addCustomerTest(java.lang.String, java.lang.String, java.lang.String, java.lang.String)[pri:0, instance:com.w2a.testcase.AddCustomerTest@1a69561c]" started-at="2019-08-01T09:07:19Z" name="addCustomerTest" data-provider="dp" finished-at="2019-08-01T09:07:24Z" duration-ms="4934" status="PASS">
          <params>
            <param index="0">
              <value>
                <![CDATA[Rohit]]>
              </value>
            </param>
            <param index="1">
              <value>
                <![CDATA[shegal]]>
              </value>
            </param>
            <param index="2">
              <value>
                <![CDATA[wewerw]]>
              </value>
            </param>
            <param index="3">
              <value>
                <![CDATA[Customer added successfully]]>
              </value>
            </param>
          </params>
          <reporter-output>
          </reporter-output>
        </test-method> <!-- addCustomerTest -->
      </class> <!-- com.w2a.testcase.AddCustomerTest -->
    </test> <!-- Add Customer Test -->
    <test started-at="2019-08-01T09:07:24Z" name="Open Account Test" finished-at="2019-08-01T09:07:24Z" duration-ms="63">
      <class name="com.w2a.testcase.OpenAccountTest">
        <test-method is-config="true" signature="setUp()[pri:0, instance:com.w2a.testcase.OpenAccountTest@4940809c]" started-at="2019-08-01T09:06:52Z" name="setUp" finished-at="2019-08-01T09:06:59Z" duration-ms="7067" status="PASS">
          <reporter-output>
          </reporter-output>
        </test-method> <!-- setUp -->
        <test-method signature="openAccountTest(java.lang.String, java.lang.String)[pri:0, instance:com.w2a.testcase.OpenAccountTest@4940809c]" started-at="2019-08-01T09:07:24Z" name="openAccountTest" data-provider="dp" finished-at="2019-08-01T09:07:24Z" duration-ms="10" status="SKIP">
          <params>
            <param index="0">
              <value>
                <![CDATA[Neville Longbottom]]>
              </value>
            </param>
            <param index="1">
              <value>
                <![CDATA[Rupee]]>
              </value>
            </param>
          </params>
          <exception class="org.testng.SkipException">
            <message>
              <![CDATA[Skipping the test :OPENACCOUNTTEST as the run mode is NO]]>
            </message>
            <full-stacktrace>
              <![CDATA[org.testng.SkipException: Skipping the test :OPENACCOUNTTEST as the run mode is NO
at com.w2a.testcase.OpenAccountTest.openAccountTest(OpenAccountTest.java:24)
at java.base/jdk.internal.reflect.NativeMethodAccessorImpl.invoke0(Native Method)
at java.base/jdk.internal.reflect.NativeMethodAccessorImpl.invoke(NativeMethodAccessorImpl.java:62)
at java.base/jdk.internal.reflect.DelegatingMethodAccessorImpl.invoke(DelegatingMethodAccessorImpl.java:43)
at java.base/java.lang.reflect.Method.invoke(Method.java:564)
at org.testng.internal.MethodInvocationHelper.invokeMethod(MethodInvocationHelper.java:124)
at org.testng.internal.Invoker.invokeMethod(Invoker.java:583)
at org.testng.internal.Invoker.invokeTestMethod(Invoker.java:719)
at org.testng.internal.Invoker.invokeTestMethods(Invoker.java:989)
at org.testng.internal.TestMethodWorker.invokeTestMethods(TestMethodWorker.java:125)
at org.testng.internal.TestMethodWorker.run(TestMethodWorker.java:109)
at org.testng.TestRunner.privateRun(TestRunner.java:648)
at org.testng.TestRunner.run(TestRunner.java:505)
at org.testng.SuiteRunner.runTest(SuiteRunner.java:455)
at org.testng.SuiteRunner.runSequentially(SuiteRunner.java:450)
at org.testng.SuiteRunner.privateRun(SuiteRunner.java:415)
at org.testng.SuiteRunner.run(SuiteRunner.java:364)
at org.testng.SuiteRunnerWorker.runSuite(SuiteRunnerWorker.java:52)
at org.testng.SuiteRunnerWorker.run(SuiteRunnerWorker.java:84)
at org.testng.TestNG.runSuitesSequentially(TestNG.java:1208)
at org.testng.TestNG.runSuitesLocally(TestNG.java:1137)
at org.testng.TestNG.runSuites(TestNG.java:1049)
at org.testng.TestNG.run(TestNG.java:1017)
at org.testng.remote.AbstractRemoteTestNG.run(AbstractRemoteTestNG.java:114)
at org.testng.remote.RemoteTestNG.initAndRun(RemoteTestNG.java:251)
at org.testng.remote.RemoteTestNG.main(RemoteTestNG.java:77)
]]>
            </full-stacktrace>
          </exception> <!-- org.testng.SkipException -->
          <reporter-output>
          </reporter-output>
        </test-method> <!-- openAccountTest -->
        <test-method is-config="true" signature="tearDown()[pri:0, instance:com.w2a.testcase.OpenAccountTest@4940809c]" started-at="2019-08-01T09:07:24Z" name="tearDown" finished-at="2019-08-01T09:07:25Z" duration-ms="828" status="PASS">
          <reporter-output>
          </reporter-output>
        </test-method> <!-- tearDown -->
      </class> <!-- com.w2a.testcase.OpenAccountTest -->
    </test> <!-- Open Account Test -->
  </suite> <!-- Data Driven Basics -->
</testng-results>
