<?xml version="1.0" encoding="UTF-8"?>
<!-- Generated by org.testng.reporters.JUnitXMLReporter -->
<testsuite ignored="0" hostname="DESKTOP-8343GOC" failures="0" tests="4" name="Add Customer Test" time="20.65" errors="0" timestamp="01 Aug 2019 09:07:24 GMT">
  <testcase classname="com.w2a.testcase.AddCustomerTest" name="addCustomerTest" time="5.505"/>
  <testcase classname="com.w2a.testcase.AddCustomerTest" name="addCustomerTest" time="5.05"/>
  <testcase classname="com.w2a.testcase.AddCustomerTest" name="addCustomerTest" time="4.842"/>
  <testcase classname="com.w2a.testcase.AddCustomerTest" name="addCustomerTest" time="4.934"/>
</testsuite> <!-- Add Customer Test -->
