<?xml version="1.0" encoding="UTF-8"?>
<testsuite name="Add Customer Test"
           tests="4"
           failures="0"
           errors="0"
           skipped="0"
           time="20.010">
  <properties />
  
  
            <testcase name="addCustomerTest" time="4.772" classname="com.w2a.testcase.AddCustomerTest" />
                <testcase name="addCustomerTest" time="5.001" classname="com.w2a.testcase.AddCustomerTest" />
                <testcase name="addCustomerTest" time="5.408" classname="com.w2a.testcase.AddCustomerTest" />
                <testcase name="addCustomerTest" time="4.829" classname="com.w2a.testcase.AddCustomerTest" />
      
</testsuite>
