<?xml version="1.0" encoding="UTF-8"?>
<testsuite name="Add Customer Test"
           tests="4"
           failures="0"
           errors="0"
           skipped="0"
           time="20.331">
  <properties />
  
  
            <testcase name="addCustomerTest" time="5.050" classname="com.w2a.testcase.AddCustomerTest" />
                <testcase name="addCustomerTest" time="4.842" classname="com.w2a.testcase.AddCustomerTest" />
                <testcase name="addCustomerTest" time="5.505" classname="com.w2a.testcase.AddCustomerTest" />
                <testcase name="addCustomerTest" time="4.934" classname="com.w2a.testcase.AddCustomerTest" />
      
</testsuite>
