# JRE version: Java(TM) SE Runtime Environment (9.0+11) (build 9.0.4+11)
# Java VM: Java HotSpot(TM) 64-Bit Server VM (9.0.4+11, mixed mode, tiered, compressed oops, g1 gc, windows-amd64)
Heap:
 garbage-first heap   total 98304K, used 14042K [0x00000000a0000000, 0x00000000a0100300, 0x0000000100000000)
  region size 1024K, 10 young (10240K), 8 survivors (8192K)
 Metaspace       used 19616K, capacity 20006K, committed 20224K, reserved 1067008K
  class space    used 2104K, capacity 2239K, committed 2304K, reserved 1048576K
GC Heap History (8 events):
Event: 0.900 GC heap before
{Heap before GC invocations=0 (full 0):
 garbage-first heap   total 98304K, used 14336K [0x00000000a0000000, 0x00000000a0100300, 0x0000000100000000)
  region size 1024K, 14 young (14336K), 0 survivors (0K)
 Metaspace       used 9996K, capacity 10292K, committed 10624K, reserved 1058816K
  class space    used 965K, capacity 1070K, committed 1152K, reserved 1048576K
}
Event: 0.917 GC heap after
{Heap after GC invocations=1 (full 0):
 garbage-first heap   total 98304K, used 4154K [0x00000000a0000000, 0x00000000a0100300, 0x0000000100000000)
  region size 1024K, 2 young (2048K), 2 survivors (2048K)
 Metaspace       used 9996K, capacity 10292K, committed 10624K, reserved 1058816K
  class space    used 965K, capacity 1070K, committed 1152K, reserved 1048576K
}
Event: 1.110 GC heap before
{Heap before GC invocations=1 (full 0):
 garbage-first heap   total 98304K, used 11322K [0x00000000a0000000, 0x00000000a0100300, 0x0000000100000000)
  region size 1024K, 9 young (9216K), 2 survivors (2048K)
 Metaspace       used 11650K, capacity 11870K, committed 12032K, reserved 1060864K
  class space    used 1191K, capacity 1277K, committed 1280K, reserved 1048576K
}
Event: 1.119 GC heap after
{Heap after GC invocations=2 (full 0):
 garbage-first heap   total 98304K, used 5599K [0x00000000a0000000, 0x00000000a0100300, 0x0000000100000000)
  region size 1024K, 2 young (2048K), 2 survivors (2048K)
 Metaspace       used 11650K, capacity 11870K, committed 12032K, reserved 1060864K
  class space    used 1191K, capacity 1277K, committed 1280K, reserved 1048576K
}
Event: 1.638 GC heap before
{Heap before GC invocations=2 (full 0):
 garbage-first heap   total 98304K, used 29151K [0x00000000a0000000, 0x00000000a0100300, 0x0000000100000000)
  region size 1024K, 25 young (25600K), 2 survivors (2048K)
 Metaspace       used 13647K, capacity 13920K, committed 14080K, reserved 1062912K
  class space    used 1432K, capacity 1508K, committed 1536K, reserved 1048576K
}
Event: 1.648 GC heap after
{Heap after GC invocations=3 (full 0):
 garbage-first heap   total 98304K, used 7434K [0x00000000a0000000, 0x00000000a0100300, 0x0000000100000000)
  region size 1024K, 4 young (4096K), 4 survivors (4096K)
 Metaspace       used 13647K, capacity 13920K, committed 14080K, reserved 1062912K
  class space    used 1432K, capacity 1508K, committed 1536K, reserved 1048576K
}
Event: 3.327 GC heap before
{Heap before GC invocations=3 (full 0):
 garbage-first heap   total 98304K, used 61706K [0x00000000a0000000, 0x00000000a0100300, 0x0000000100000000)
  region size 1024K, 57 young (58368K), 4 survivors (4096K)
 Metaspace       used 19599K, capacity 20006K, committed 20224K, reserved 1067008K
  class space    used 2104K, capacity 2239K, committed 2304K, reserved 1048576K
}
Event: 3.349 GC heap after
{Heap after GC invocations=4 (full 0):
 garbage-first heap   total 98304K, used 13018K [0x00000000a0000000, 0x00000000a0100300, 0x0000000100000000)
  region size 1024K, 8 young (8192K), 8 survivors (8192K)
 Metaspace       used 19599K, capacity 20006K, committed 20224K, reserved 1067008K
  class space    used 2104K, capacity 2239K, committed 2304K, reserved 1048576K
}

