# JRE version: Java(TM) SE Runtime Environment (9.0+11) (build 9.0.4+11)
# Java VM: Java HotSpot(TM) 64-Bit Server VM (9.0.4+11, mixed mode, tiered, compressed oops, g1 gc, windows-amd64)
Heap:
 garbage-first heap   total 98304K, used 19178K [0x00000000a0000000, 0x00000000a0100300, 0x0000000100000000)
  region size 1024K, 8 young (8192K), 3 survivors (3072K)
 Metaspace       used 17179K, capacity 17616K, committed 17792K, reserved 1064960K
  class space    used 1739K, capacity 1836K, committed 1920K, reserved 1048576K
GC Heap History (6 events):
Event: 1.052 GC heap before
{Heap before GC invocations=0 (full 0):
 garbage-first heap   total 98304K, used 15360K [0x00000000a0000000, 0x00000000a0100300, 0x0000000100000000)
  region size 1024K, 14 young (14336K), 0 survivors (0K)
 Metaspace       used 10973K, capacity 11266K, committed 11520K, reserved 1058816K
  class space    used 1083K, capacity 1173K, committed 1280K, reserved 1048576K
}
Event: 1.068 GC heap after
{Heap after GC invocations=1 (full 0):
 garbage-first heap   total 98304K, used 8858K [0x00000000a0000000, 0x00000000a0100300, 0x0000000100000000)
  region size 1024K, 2 young (2048K), 2 survivors (2048K)
 Metaspace       used 10973K, capacity 11266K, committed 11520K, reserved 1058816K
  class space    used 1083K, capacity 1173K, committed 1280K, reserved 1048576K
}
Event: 1.343 GC heap before
{Heap before GC invocations=1 (full 0):
 garbage-first heap   total 98304K, used 18074K [0x00000000a0000000, 0x00000000a0100300, 0x0000000100000000)
  region size 1024K, 11 young (11264K), 2 survivors (2048K)
 Metaspace       used 12403K, capacity 12694K, committed 12928K, reserved 1060864K
  class space    used 1224K, capacity 1281K, committed 1408K, reserved 1048576K
}
Event: 1.361 GC heap after
{Heap after GC invocations=2 (full 0):
 garbage-first heap   total 98304K, used 12007K [0x00000000a0000000, 0x00000000a0100300, 0x0000000100000000)
  region size 1024K, 2 young (2048K), 2 survivors (2048K)
 Metaspace       used 12403K, capacity 12694K, committed 12928K, reserved 1060864K
  class space    used 1224K, capacity 1281K, committed 1408K, reserved 1048576K
}
Event: 1.802 GC heap before
{Heap before GC invocations=2 (full 0):
 garbage-first heap   total 98304K, used 27367K [0x00000000a0000000, 0x00000000a0100300, 0x0000000100000000)
  region size 1024K, 17 young (17408K), 2 survivors (2048K)
 Metaspace       used 16716K, capacity 17136K, committed 17280K, reserved 1064960K
  class space    used 1696K, capacity 1804K, committed 1920K, reserved 1048576K
}
Event: 1.813 GC heap after
{Heap after GC invocations=3 (full 0):
 garbage-first heap   total 98304K, used 15082K [0x00000000a0000000, 0x00000000a0100300, 0x0000000100000000)
  region size 1024K, 3 young (3072K), 3 survivors (3072K)
 Metaspace       used 16716K, capacity 17136K, committed 17280K, reserved 1064960K
  class space    used 1696K, capacity 1804K, committed 1920K, reserved 1048576K
}

