# JRE version: Java(TM) SE Runtime Environment (9.0+11) (build 9.0.4+11)
# Java VM: Java HotSpot(TM) 64-Bit Server VM (9.0.4+11, mixed mode, tiered, compressed oops, g1 gc, windows-amd64)
Heap:
 garbage-first heap   total 135168K, used 39041K [0x00000000a0000000, 0x00000000a0100420, 0x0000000100000000)
  region size 1024K, 19 young (19456K), 5 survivors (5120K)
 Metaspace       used 29723K, capacity 30800K, committed 31104K, reserved 1077248K
  class space    used 3382K, capacity 3608K, committed 3712K, reserved 1048576K
GC Heap History (10 events):
Event: 1.018 GC heap before
{Heap before GC invocations=0 (full 0):
 garbage-first heap   total 98304K, used 16384K [0x00000000a0000000, 0x00000000a0100300, 0x0000000100000000)
  region size 1024K, 14 young (14336K), 0 survivors (0K)
 Metaspace       used 10979K, capacity 11266K, committed 11520K, reserved 1058816K
  class space    used 1085K, capacity 1173K, committed 1280K, reserved 1048576K
}
Event: 1.042 GC heap after
{Heap after GC invocations=1 (full 0):
 garbage-first heap   total 98304K, used 9554K [0x00000000a0000000, 0x00000000a0100300, 0x0000000100000000)
  region size 1024K, 2 young (2048K), 2 survivors (2048K)
 Metaspace       used 10979K, capacity 11266K, committed 11520K, reserved 1058816K
  class space    used 1085K, capacity 1173K, committed 1280K, reserved 1048576K
}
Event: 1.220 GC heap before
{Heap before GC invocations=1 (full 0):
 garbage-first heap   total 98304K, used 12626K [0x00000000a0000000, 0x00000000a0100300, 0x0000000100000000)
  region size 1024K, 5 young (5120K), 2 survivors (2048K)
 Metaspace       used 11832K, capacity 12144K, committed 12288K, reserved 1060864K
  class space    used 1163K, capacity 1248K, committed 1280K, reserved 1048576K
}
Event: 1.239 GC heap after
{Heap after GC invocations=2 (full 0):
 garbage-first heap   total 98304K, used 10245K [0x00000000a0000000, 0x00000000a0100300, 0x0000000100000000)
  region size 1024K, 1 young (1024K), 1 survivors (1024K)
 Metaspace       used 11832K, capacity 12144K, committed 12288K, reserved 1060864K
  class space    used 1163K, capacity 1248K, committed 1280K, reserved 1048576K
}
Event: 1.828 GC heap before
{Heap before GC invocations=2 (full 0):
 garbage-first heap   total 98304K, used 24581K [0x00000000a0000000, 0x00000000a0100300, 0x0000000100000000)
  region size 1024K, 15 young (15360K), 1 survivors (1024K)
 Metaspace       used 14612K, capacity 14996K, committed 15232K, reserved 1062912K
  class space    used 1453K, capacity 1542K, committed 1664K, reserved 1048576K
}
Event: 1.838 GC heap after
{Heap after GC invocations=3 (full 0):
 garbage-first heap   total 98304K, used 14217K [0x00000000a0000000, 0x00000000a0100300, 0x0000000100000000)
  region size 1024K, 2 young (2048K), 2 survivors (2048K)
 Metaspace       used 14612K, capacity 14996K, committed 15232K, reserved 1062912K
  class space    used 1453K, capacity 1542K, committed 1664K, reserved 1048576K
}
Event: 2.736 GC heap before
{Heap before GC invocations=3 (full 0):
 garbage-first heap   total 98304K, used 42889K [0x00000000a0000000, 0x00000000a0100300, 0x0000000100000000)
  region size 1024K, 31 young (31744K), 2 survivors (2048K)
 Metaspace       used 20590K, capacity 21094K, committed 21296K, reserved 1069056K
  class space    used 2206K, capacity 2314K, committed 2432K, reserved 1048576K
}
Event: 2.758 GC heap after
{Heap after GC invocations=4 (full 0):
 garbage-first heap   total 98304K, used 20028K [0x00000000a0000000, 0x00000000a0100300, 0x0000000100000000)
  region size 1024K, 4 young (4096K), 4 survivors (4096K)
 Metaspace       used 20590K, capacity 21094K, committed 21296K, reserved 1069056K
  class space    used 2206K, capacity 2314K, committed 2432K, reserved 1048576K
}
Event: 4.133 GC heap before
{Heap before GC invocations=5 (full 0):
 garbage-first heap   total 98304K, used 50748K [0x00000000a0000000, 0x00000000a0100300, 0x0000000100000000)
  region size 1024K, 34 young (34816K), 4 survivors (4096K)
 Metaspace       used 27355K, capacity 28236K, committed 28416K, reserved 1075200K
  class space    used 3074K, capacity 3252K, committed 3328K, reserved 1048576K
}
Event: 4.166 GC heap after
{Heap after GC invocations=6 (full 0):
 garbage-first heap   total 135168K, used 25729K [0x00000000a0000000, 0x00000000a0100420, 0x0000000100000000)
  region size 1024K, 5 young (5120K), 5 survivors (5120K)
 Metaspace       used 27355K, capacity 28236K, committed 28416K, reserved 1075200K
  class space    used 3074K, capacity 3252K, committed 3328K, reserved 1048576K
}

